<?xml version="1.0" encoding="UTF-8" ?>
<testsuite tests="36" failures="1" name="es.uv.gii.ligaajedrez.modelo.LigaTest" time="12.651" errors="0" skipped="0">
  <properties>
    <property name="java.runtime.name" value="Java(TM) SE Runtime Environment"/>
    <property name="sun.boot.library.path" value="C:\Program Files\Java\jdk1.8.0_111\jre\bin"/>
    <property name="java.vm.version" value="25.111-b14"/>
    <property name="java.vm.vendor" value="Oracle Corporation"/>
    <property name="maven.multiModuleProjectDirectory" value="C:\Users\asins\Desktop\3 INF\ISII\LigaAjedrez"/>
    <property name="java.vendor.url" value="http://java.oracle.com/"/>
    <property name="path.separator" value=";"/>
    <property name="guice.disable.misplaced.annotation.check" value="true"/>
    <property name="java.vm.name" value="Java HotSpot(TM) 64-Bit Server VM"/>
    <property name="file.encoding.pkg" value="sun.io"/>
    <property name="user.script" value=""/>
    <property name="user.country" value="ES"/>
    <property name="sun.java.launcher" value="SUN_STANDARD"/>
    <property name="sun.os.patch.level" value=""/>
    <property name="test" value="es.uv.gii.ligaajedrez.modelo.LigaTest"/>
    <property name="java.vm.specification.name" value="Java Virtual Machine Specification"/>
    <property name="user.dir" value="C:\Users\asins\Desktop\3 INF\ISII\LigaAjedrez"/>
    <property name="java.runtime.version" value="1.8.0_111-b14"/>
    <property name="java.awt.graphicsenv" value="sun.awt.Win32GraphicsEnvironment"/>
    <property name="java.endorsed.dirs" value="C:\Program Files\Java\jdk1.8.0_111\jre\lib\endorsed"/>
    <property name="os.arch" value="amd64"/>
    <property name="java.io.tmpdir" value="C:\Users\asins\AppData\Local\Temp\"/>
    <property name="line.separator" value="
"/>
    <property name="java.vm.specification.vendor" value="Oracle Corporation"/>
    <property name="user.variant" value=""/>
    <property name="os.name" value="Windows 10"/>
    <property name="maven.ext.class.path" value="C:\Program Files\NetBeans-11.1\netbeans\java\maven-nblib\netbeans-eventspy.jar"/>
    <property name="classworlds.conf" value="C:\Program Files\NetBeans-11.1\netbeans\java\maven\bin\m2.conf"/>
    <property name="sun.jnu.encoding" value="Cp1252"/>
    <property name="java.library.path" value="C:\Program Files\Java\jdk1.8.0_111\bin;C:\WINDOWS\Sun\Java\bin;C:\WINDOWS\system32;C:\WINDOWS;C:\Program Files (x86)\Common Files\Oracle\Java\javapath;C:\ProgramData\Oracle\Java\javapath;C:\Windows\system32;C:\Windows;C:\Windows\System32\Wbem;C:\Windows\System32\WindowsPowerShell\v1.0\;C:\Windows\System32\OpenSSH\;C:\Program Files (x86)\NVIDIA Corporation\PhysX\Common;C:\Program Files\NVIDIA Corporation\NVIDIA NvDLISR;C:\Program Files\TortoiseSVN\bin;C:\WINDOWS\system32;C:\WINDOWS;C:\WINDOWS\System32\Wbem;C:\WINDOWS\System32\WindowsPowerShell\v1.0\;C:\WINDOWS\System32\OpenSSH\;C:\Program Files\OpenVPN\bin;C:\Users\asins\AppData\Local\Microsoft\WindowsApps;C:\Program Files\Java\jdk1.8.0_111\bin;;C:\Program Files (x86)\clisp-2.49;."/>
    <property name="java.specification.name" value="Java Platform API Specification"/>
    <property name="java.class.version" value="52.0"/>
    <property name="sun.management.compiler" value="HotSpot 64-Bit Tiered Compilers"/>
    <property name="os.version" value="10.0"/>
    <property name="jpda.listen" value="true"/>
    <property name="jpda.address" value="56755"/>
    <property name="user.home" value="C:\Users\asins"/>
    <property name="user.timezone" value="Europe/Paris"/>
    <property name="java.awt.printerjob" value="sun.awt.windows.WPrinterJob"/>
    <property name="java.specification.version" value="1.8"/>
    <property name="file.encoding" value="UTF-8"/>
    <property name="user.name" value="asins"/>
    <property name="java.class.path" value="C:\Program Files\NetBeans-11.1\netbeans\java\maven\boot\plexus-classworlds-2.5.2.jar"/>
    <property name="maven.surefire.debug" value="-agentlib:jdwp=transport=dt_socket,server=n,address=56755"/>
    <property name="java.vm.specification.version" value="1.8"/>
    <property name="sun.arch.data.model" value="64"/>
    <property name="java.home" value="C:\Program Files\Java\jdk1.8.0_111\jre"/>
    <property name="sun.java.command" value="org.codehaus.plexus.classworlds.launcher.Launcher -Dtest=es.uv.gii.ligaajedrez.modelo.LigaTest -DforkMode=once -Dmaven.surefire.debug=-agentlib:jdwp=transport=dt_socket,server=n,address=56755 -Djpda.listen=true -Djpda.address=56755 -Dmaven.ext.class.path=C:\Program Files\NetBeans-11.1\netbeans\java\maven-nblib\netbeans-eventspy.jar -Dfile.encoding=UTF-8 surefire:test"/>
    <property name="java.specification.vendor" value="Oracle Corporation"/>
    <property name="user.language" value="es"/>
    <property name="awt.toolkit" value="sun.awt.windows.WToolkit"/>
    <property name="java.vm.info" value="mixed mode"/>
    <property name="java.version" value="1.8.0_111"/>
    <property name="java.ext.dirs" value="C:\Program Files\Java\jdk1.8.0_111\jre\lib\ext;C:\WINDOWS\Sun\Java\lib\ext"/>
    <property name="sun.boot.class.path" value="C:\Program Files\Java\jdk1.8.0_111\jre\lib\resources.jar;C:\Program Files\Java\jdk1.8.0_111\jre\lib\rt.jar;C:\Program Files\Java\jdk1.8.0_111\jre\lib\sunrsasign.jar;C:\Program Files\Java\jdk1.8.0_111\jre\lib\jsse.jar;C:\Program Files\Java\jdk1.8.0_111\jre\lib\jce.jar;C:\Program Files\Java\jdk1.8.0_111\jre\lib\charsets.jar;C:\Program Files\Java\jdk1.8.0_111\jre\lib\jfr.jar;C:\Program Files\Java\jdk1.8.0_111\jre\classes"/>
    <property name="java.vendor" value="Oracle Corporation"/>
    <property name="maven.home" value="C:\Program Files\NetBeans-11.1\netbeans\java\maven"/>
    <property name="file.separator" value="\"/>
    <property name="java.vendor.url.bug" value="http://bugreport.sun.com/bugreport/"/>
    <property name="forkMode" value="once"/>
    <property name="sun.cpu.endian" value="little"/>
    <property name="sun.io.unicode.encoding" value="UnicodeLittle"/>
    <property name="sun.desktop" value="windows"/>
    <property name="sun.cpu.isalist" value="amd64"/>
  </properties>
  <testcase classname="es.uv.gii.ligaajedrez.modelo.LigaTest" name="es.uv.gii.ligaajedrez.modelo.LigaTest.testSetUsuario" time="0.001"/>
  <testcase classname="es.uv.gii.ligaajedrez.modelo.LigaTest" name="es.uv.gii.ligaajedrez.modelo.LigaTest.testCrearTorneo" time="0"/>
  <testcase classname="es.uv.gii.ligaajedrez.modelo.LigaTest" name="es.uv.gii.ligaajedrez.modelo.LigaTest.testCrearJugador" time="0"/>
  <testcase classname="es.uv.gii.ligaajedrez.modelo.LigaTest" name="es.uv.gii.ligaajedrez.modelo.LigaTest.testCrearClub" time="0"/>
  <testcase classname="es.uv.gii.ligaajedrez.modelo.LigaTest" name="es.uv.gii.ligaajedrez.modelo.LigaTest.testCrearPartida" time="0"/>
  <testcase classname="es.uv.gii.ligaajedrez.modelo.LigaTest" name="es.uv.gii.ligaajedrez.modelo.LigaTest.testSetGanadorPartida" time="0"/>
  <testcase classname="es.uv.gii.ligaajedrez.modelo.LigaTest" name="es.uv.gii.ligaajedrez.modelo.LigaTest.testEliminarGerente" time="0"/>
  <testcase classname="es.uv.gii.ligaajedrez.modelo.LigaTest" name="es.uv.gii.ligaajedrez.modelo.LigaTest.testConsultarSedes" time="0"/>
  <testcase classname="es.uv.gii.ligaajedrez.modelo.LigaTest" name="es.uv.gii.ligaajedrez.modelo.LigaTest.testRemoveJugadorMoroso" time="0"/>
  <testcase classname="es.uv.gii.ligaajedrez.modelo.LigaTest" name="es.uv.gii.ligaajedrez.modelo.LigaTest.testConsultarGerentes" time="0"/>
  <testcase classname="es.uv.gii.ligaajedrez.modelo.LigaTest" name="es.uv.gii.ligaajedrez.modelo.LigaTest.testEliminarJugador" time="0"/>
  <testcase classname="es.uv.gii.ligaajedrez.modelo.LigaTest" name="es.uv.gii.ligaajedrez.modelo.LigaTest.testConsultarPartidasJugador" time="0"/>
  <testcase classname="es.uv.gii.ligaajedrez.modelo.LigaTest" name="es.uv.gii.ligaajedrez.modelo.LigaTest.testConsultarFederaciones" time="0"/>
  <testcase classname="es.uv.gii.ligaajedrez.modelo.LigaTest" name="es.uv.gii.ligaajedrez.modelo.LigaTest.testRegistrarEnTorneo" time="0"/>
  <testcase classname="es.uv.gii.ligaajedrez.modelo.LigaTest" name="es.uv.gii.ligaajedrez.modelo.LigaTest.testModificarGerente" time="0"/>
  <testcase classname="es.uv.gii.ligaajedrez.modelo.LigaTest" name="es.uv.gii.ligaajedrez.modelo.LigaTest.testConsultaEntrenadores" time="0"/>
  <testcase classname="es.uv.gii.ligaajedrez.modelo.LigaTest" name="es.uv.gii.ligaajedrez.modelo.LigaTest.testNuevoEntrenador" time="0"/>
  <testcase classname="es.uv.gii.ligaajedrez.modelo.LigaTest" name="es.uv.gii.ligaajedrez.modelo.LigaTest.testAsignarClubEntrenador" time="0"/>
  <testcase classname="es.uv.gii.ligaajedrez.modelo.LigaTest" name="es.uv.gii.ligaajedrez.modelo.LigaTest.testTorneosDisponibles" time="0"/>
  <testcase classname="es.uv.gii.ligaajedrez.modelo.LigaTest" name="es.uv.gii.ligaajedrez.modelo.LigaTest.testReservarSede_5args" time="0"/>
  <testcase classname="es.uv.gii.ligaajedrez.modelo.LigaTest" name="es.uv.gii.ligaajedrez.modelo.LigaTest.testBuscarReserva" time="0"/>
  <testcase classname="es.uv.gii.ligaajedrez.modelo.LigaTest" name="es.uv.gii.ligaajedrez.modelo.LigaTest.testConsultarEntrenadores" time="0"/>
  <testcase classname="es.uv.gii.ligaajedrez.modelo.LigaTest" name="es.uv.gii.ligaajedrez.modelo.LigaTest.testReservarSede_3args" time="0"/>
  <testcase classname="es.uv.gii.ligaajedrez.modelo.LigaTest" name="es.uv.gii.ligaajedrez.modelo.LigaTest.testEliminarEntrenador" time="0"/>
  <testcase classname="es.uv.gii.ligaajedrez.modelo.LigaTest" name="es.uv.gii.ligaajedrez.modelo.LigaTest.testConsultarTorneos" time="0"/>
  <testcase classname="es.uv.gii.ligaajedrez.modelo.LigaTest" name="es.uv.gii.ligaajedrez.modelo.LigaTest.testConsultarJugadores" time="0"/>
  <testcase classname="es.uv.gii.ligaajedrez.modelo.LigaTest" name="es.uv.gii.ligaajedrez.modelo.LigaTest.testConsultarTodosJugadores" time="0"/>
  <testcase classname="es.uv.gii.ligaajedrez.modelo.LigaTest" name="es.uv.gii.ligaajedrez.modelo.LigaTest.testModificarJugador" time="0"/>
  <testcase classname="es.uv.gii.ligaajedrez.modelo.LigaTest" name="es.uv.gii.ligaajedrez.modelo.LigaTest.testModificarEntrenador" time="0"/>
  <testcase classname="es.uv.gii.ligaajedrez.modelo.LigaTest" name="es.uv.gii.ligaajedrez.modelo.LigaTest.testConsultarClubs" time="0"/>
  <testcase classname="es.uv.gii.ligaajedrez.modelo.LigaTest" name="es.uv.gii.ligaajedrez.modelo.LigaTest.testRegistrarMoroso" time="0"/>
  <testcase classname="es.uv.gii.ligaajedrez.modelo.LigaTest" name="es.uv.gii.ligaajedrez.modelo.LigaTest.testPagarMulta" time="0"/>
  <testcase classname="es.uv.gii.ligaajedrez.modelo.LigaTest" name="es.uv.gii.ligaajedrez.modelo.LigaTest.testLogin" time="0"/>
  <testcase classname="es.uv.gii.ligaajedrez.modelo.LigaTest" name="es.uv.gii.ligaajedrez.modelo.LigaTest.testNuevoGerente" time="0"/>
  <testcase classname="es.uv.gii.ligaajedrez.modelo.LigaTest" name="es.uv.gii.ligaajedrez.modelo.LigaTest.testSaveData" time="0"/>
  <testcase classname="es.uv.gii.ligaajedrez.modelo.LigaTest" name="es.uv.gii.ligaajedrez.modelo.LigaTest.testAsignarClubGerente" time="12.65">
    <failure message="-1" type="java.lang.ArrayIndexOutOfBoundsException">java.lang.ArrayIndexOutOfBoundsException: -1
	at java.util.ArrayList.elementData(ArrayList.java:418)
	at java.util.ArrayList.get(ArrayList.java:431)
	at es.uv.gii.ligaajedrez.modelo.Liga.asignarClubGerente(Liga.java:472)
	at es.uv.gii.ligaajedrez.modelo.LigaTest.testAsignarClubGerente(LigaTest.java:182)
</failure>
  </testcase>
</testsuite>